TN:
SF:src\dtos\consumer.dto.ts
FNF:0
FNH:0
DA:1,1
DA:3,1
DA:12,1
DA:18,1
DA:29,1
DA:31,1
DA:32,1
LF:7
LH:7
BRF:0
BRH:0
end_of_record
TN:
SF:src\dtos\__mock__\consumer.mock.ts
FNF:0
FNH:0
DA:3,3
DA:12,3
LF:2
LH:2
BRF:0
BRH:0
end_of_record
TN:
SF:src\dtos\__mock__\invoice.mock.ts
FNF:0
FNH:0
DA:1,3
DA:18,3
DA:32,3
LF:3
LH:3
BRF:0
BRH:0
end_of_record
TN:
SF:src\repositories\consumer\consumer.repository.ts
FN:13,(anonymous_7)
FN:19,(anonymous_9)
FN:23,(anonymous_11)
FN:27,(anonymous_13)
FNF:4
FNH:4
FNDA:2,(anonymous_7)
FNDA:2,(anonymous_9)
FNDA:1,(anonymous_11)
FNDA:2,(anonymous_13)
DA:1,3
DA:4,3
DA:12,3
DA:16,2
DA:20,2
DA:24,1
DA:34,2
LF:7
LH:7
BRF:0
BRH:0
end_of_record
TN:
SF:src\repositories\invoice\invoice.repository.ts
FN:8,(anonymous_7)
FN:16,(anonymous_9)
FN:20,(anonymous_11)
FN:24,(anonymous_13)
FNF:4
FNH:3
FNDA:2,(anonymous_7)
FNDA:2,(anonymous_9)
FNDA:1,(anonymous_11)
FNDA:0,(anonymous_13)
DA:1,2
DA:5,2
DA:7,2
DA:13,2
DA:17,2
DA:21,1
DA:30,0
LF:7
LH:6
BRF:0
BRH:0
end_of_record
TN:
SF:src\services\consumer.service.ts
FN:6,(anonymous_7)
FN:23,(anonymous_9)
FN:34,(anonymous_11)
FNF:3
FNH:3
FNDA:2,(anonymous_7)
FNDA:3,(anonymous_9)
FNDA:3,(anonymous_11)
DA:1,1
DA:3,1
DA:5,1
DA:11,2
DA:12,2
DA:18,0
DA:19,0
DA:24,3
DA:25,3
DA:29,0
DA:30,0
DA:35,3
DA:36,3
DA:38,0
DA:39,0
LF:15
LH:9
BRF:0
BRH:0
end_of_record
TN:
SF:src\services\dashboard.service.ts
FN:6,(anonymous_7)
FN:10,(anonymous_9)
FN:15,(anonymous_10)
FN:20,(anonymous_11)
FN:26,(anonymous_12)
FNF:5
FNH:1
FNDA:1,(anonymous_7)
FNDA:0,(anonymous_9)
FNDA:0,(anonymous_10)
FNDA:0,(anonymous_11)
FNDA:0,(anonymous_12)
DA:1,1
DA:3,1
DA:5,1
DA:7,1
DA:9,1
DA:10,0
DA:14,0
DA:15,0
DA:19,0
DA:21,0
DA:25,0
DA:26,0
DA:30,0
LF:13
LH:5
BRF:0
BRH:0
end_of_record
TN:
SF:src\services\invoice.service.ts
FN:14,(anonymous_7)
FN:50,(anonymous_9)
FN:64,(anonymous_11)
FNF:3
FNH:3
FNDA:2,(anonymous_7)
FNDA:4,(anonymous_9)
FNDA:2,(anonymous_11)
DA:5,1
DA:6,1
DA:7,1
DA:9,1
DA:10,1
DA:11,1
DA:13,1
DA:15,2
DA:16,2
DA:21,2
DA:23,2
DA:28,2
DA:30,2
DA:31,1
DA:32,1
DA:35,1
DA:36,1
DA:38,1
DA:43,1
DA:45,0
DA:46,0
DA:51,4
DA:55,4
DA:56,2
DA:61,4
DA:65,2
DA:66,2
DA:67,1
DA:71,1
DA:72,1
DA:75,2
DA:77,2
LF:32
LH:30
BRDA:30,0,0,1
BRDA:55,1,0,2
BRDA:66,2,0,1
BRDA:71,3,0,1
BRDA:75,4,0,0
BRF:5
BRH:4
end_of_record
TN:
SF:src\services\pdf-upload.service.ts
FN:5,(anonymous_8)
FN:21,(anonymous_9)
FN:22,(anonymous_11)
FN:29,(anonymous_12)
FNF:4
FNH:1
FNDA:2,(anonymous_8)
FNDA:0,(anonymous_9)
FNDA:0,(anonymous_11)
FNDA:0,(anonymous_12)
DA:1,2
DA:2,2
DA:4,2
DA:6,2
DA:11,2
DA:14,0
DA:22,0
DA:23,0
DA:30,0
DA:31,0
DA:33,0
DA:34,0
DA:35,0
DA:40,0
LF:14
LH:5
BRDA:6,0,0,2
BRDA:7,1,0,2
BRDA:7,1,1,0
BRDA:7,1,2,0
BRDA:30,2,0,0
BRDA:33,3,0,0
BRF:6
BRH:2
end_of_record
TN:
SF:src\services\pdf.service.ts
FN:5,(anonymous_8)
FN:31,(anonymous_10)
FN:39,(anonymous_11)
FN:55,(anonymous_12)
FN:62,(anonymous_13)
FN:73,(anonymous_14)
FN:84,(anonymous_15)
FN:89,(anonymous_16)
FN:94,(anonymous_17)
FN:99,(anonymous_18)
FN:106,(anonymous_19)
FN:111,(anonymous_20)
FN:118,(anonymous_21)
FNF:13
FNH:13
FNDA:1,(anonymous_8)
FNDA:1,(anonymous_10)
FNDA:1,(anonymous_11)
FNDA:1,(anonymous_12)
FNDA:1,(anonymous_13)
FNDA:1,(anonymous_14)
FNDA:1,(anonymous_15)
FNDA:1,(anonymous_16)
FNDA:1,(anonymous_17)
FNDA:1,(anonymous_18)
FNDA:1,(anonymous_19)
FNDA:1,(anonymous_20)
FNDA:1,(anonymous_21)
DA:1,2
DA:4,2
DA:6,1
DA:8,1
DA:28,1
DA:32,1
DA:36,1
DA:40,1
DA:45,1
DA:46,2
DA:47,2
DA:48,0
DA:52,1
DA:56,1
DA:59,1
DA:63,1
DA:64,1
DA:66,1
DA:67,0
DA:69,1
DA:74,1
DA:76,1
DA:77,1
DA:78,1
DA:81,0
DA:85,1
DA:86,1
DA:90,1
DA:91,1
DA:95,1
DA:96,1
DA:100,1
DA:103,1
DA:107,1
DA:108,1
DA:112,1
DA:115,1
DA:119,1
DA:120,1
LF:39
LH:36
BRDA:36,0,0,0
BRDA:36,0,1,1
BRDA:47,1,0,0
BRDA:59,2,0,0
BRDA:59,2,1,1
BRDA:66,3,0,0
BRDA:66,3,1,1
BRDA:66,4,0,1
BRDA:66,4,1,0
BRDA:76,5,0,1
BRDA:78,6,0,0
BRDA:78,6,1,1
BRDA:86,7,0,0
BRDA:86,7,1,1
BRDA:91,8,0,0
BRDA:91,8,1,1
BRDA:96,9,0,0
BRDA:96,9,1,1
BRDA:103,10,0,0
BRDA:103,10,1,1
BRDA:108,11,0,0
BRDA:108,11,1,1
BRDA:115,12,0,0
BRDA:115,12,1,1
BRDA:120,13,0,0
BRDA:120,13,1,1
BRF:26
BRH:13
end_of_record
