TN:
SF:src\repositories\consumer\consumer.repository.ts
FN:5,(anonymous_7)
FN:7,(anonymous_8)
FN:15,(anonymous_10)
FN:22,(anonymous_12)
FNF:4
FNH:4
FNDA:5,(anonymous_7)
FNDA:2,(anonymous_8)
FNDA:2,(anonymous_10)
FNDA:1,(anonymous_12)
DA:4,1
DA:5,5
DA:12,2
DA:16,2
DA:23,1
LF:5
LH:5
BRF:0
BRH:0
end_of_record
TN:
SF:src\repositories\invoice\invoice.repository.ts
FN:6,(anonymous_7)
FN:8,(anonymous_8)
FN:16,(anonymous_10)
FN:20,(anonymous_12)
FNF:4
FNH:4
FNDA:5,(anonymous_7)
FNDA:2,(anonymous_8)
FNDA:2,(anonymous_10)
FNDA:1,(anonymous_12)
DA:5,1
DA:6,5
DA:13,2
DA:17,2
DA:21,1
LF:5
LH:5
BRF:0
BRH:0
end_of_record
TN:
SF:src\services\consumer.service.ts
FN:4,(anonymous_7)
FN:6,(anonymous_8)
FN:23,(anonymous_10)
FN:34,(anonymous_12)
FNF:4
FNH:4
FNDA:8,(anonymous_7)
FNDA:2,(anonymous_8)
FNDA:3,(anonymous_10)
FNDA:3,(anonymous_12)
DA:3,1
DA:4,8
DA:11,2
DA:12,2
DA:18,0
DA:19,0
DA:24,3
DA:25,3
DA:29,0
DA:30,0
DA:35,3
DA:36,3
DA:38,0
DA:39,0
LF:14
LH:8
BRF:0
BRH:0
end_of_record
TN:
SF:src\services\dashboard.service.ts
FN:4,(anonymous_7)
FN:6,(anonymous_8)
FN:10,(anonymous_10)
FN:15,(anonymous_11)
FN:20,(anonymous_12)
FN:26,(anonymous_13)
FNF:6
FNH:6
FNDA:1,(anonymous_7)
FNDA:1,(anonymous_8)
FNDA:1,(anonymous_10)
FNDA:1,(anonymous_11)
FNDA:1,(anonymous_12)
FNDA:1,(anonymous_13)
DA:3,1
DA:4,1
DA:7,1
DA:9,1
DA:10,1
DA:14,1
DA:15,1
DA:19,1
DA:21,1
DA:25,1
DA:26,1
DA:30,1
LF:12
LH:12
BRF:0
BRH:0
end_of_record
TN:
SF:src\services\invoice.service.ts
FN:10,(anonymous_7)
FN:16,(anonymous_8)
FN:57,(anonymous_10)
FN:71,(anonymous_12)
FNF:4
FNH:3
FNDA:1,(anonymous_7)
FNDA:1,(anonymous_8)
FNDA:1,(anonymous_10)
FNDA:0,(anonymous_12)
DA:9,1
DA:11,1
DA:12,1
DA:13,1
DA:20,1
DA:21,1
DA:26,1
DA:28,1
DA:33,1
DA:35,1
DA:36,0
DA:37,0
DA:40,1
DA:43,1
DA:45,1
DA:50,1
DA:52,0
DA:53,0
DA:58,1
DA:62,1
DA:63,0
DA:68,1
DA:72,0
DA:73,0
DA:74,0
DA:78,0
DA:79,0
DA:82,0
DA:84,0
LF:29
LH:17
BRDA:35,0,0,0
BRDA:62,1,0,0
BRDA:73,2,0,0
BRDA:78,3,0,0
BRDA:82,4,0,0
BRF:5
BRH:0
end_of_record
TN:
SF:src\services\pdf-upload.service.ts
FN:5,(anonymous_8)
FN:13,(anonymous_9)
FN:14,(anonymous_11)
FN:21,(anonymous_12)
FNF:4
FNH:4
FNDA:1,(anonymous_8)
FNDA:1,(anonymous_9)
FNDA:1,(anonymous_11)
FNDA:1,(anonymous_12)
DA:1,1
DA:2,1
DA:4,1
DA:6,1
DA:14,1
DA:15,1
DA:22,1
DA:23,1
DA:25,1
DA:26,0
DA:27,0
DA:32,1
LF:12
LH:10
BRDA:22,0,0,1
BRDA:25,1,0,0
BRF:2
BRH:1
end_of_record
